<?xml version="1.0" encoding="UTF-8"?>
<testsuites name="demoQA_testSuite" time="263.714" tests="3" failures="0" errors="0">
   <testsuite name="demoQA_testSuite" tests="3" failures="0" errors="0" time="263.714" skipped="0" timestamp="2022-03-29 14:34:18" hostname="nxthoi - nxthoi.tma.com.vn" id="Test Suites/demoQA_testSuite">
      <properties>
         <property name="deviceName" value=""/>
         <property name="devicePlatform" value=""/>
         <property name="logFolder" value="C:\\Users\\nxthoi\\Desktop\\Project_Katalon\\demoQA\\Reports\\20220329_143408\\demoQA_testSuite\\20220329_143408"/>
         <property name="logFiles" value="C:\\Users\\nxthoi\\Desktop\\Project_Katalon\\demoQA\\Reports\\20220329_143408\\demoQA_testSuite\\20220329_143408\\execution0.log"/>
         <property name="attachments" value="keyes\keyes-sample1.png, keyes\keyes-sample2.png, keyes\keyes-sample3.png"/>
         <property name="hostName" value="nxthoi - nxthoi.tma.com.vn"/>
         <property name="os" value="Windows 10 64bit"/>
         <property name="katalonVersion" value="8.2.5.208"/>
         <property name="browser" value="Chrome 99.0.4844.82"/>
         <property name="hostAddress" value="192.168.197.166"/>
         <property name="sessionId" value="df610a2b0e8383d4b733cf18b75954fa"/>
         <property name="seleniumVersion" value="3.141.59"/>
         <property name="proxyInformation" value="ProxyInformation { proxyOption=NO_PROXY, proxyServerType=HTTP, username=, password=********, proxyServerAddress=, proxyServerPort=0, executionList=&quot;&quot;, isApplyToDesiredCapabilities=true }"/>
         <property name="platform" value="Windows 10"/>
      </properties>
      <testcase name="Test Cases/demoQA" time="110.446" classname="Test Cases/demoQA" status="PASSED">
         <system-out><![CDATA[2022-03-29 14:34:18 - [TEST_CASE][PASSED] - Test Cases/demoQA: Test Cases/demoQA

2022-03-29 14:34:19 - [TEST_STEP][PASSED] - testing.pratice_Form.access(): testing.pratice_Form.access is PASSED

2022-03-29 14:34:20 - [MESSAGE][INFO] - Starting 'Chrome' driver

2022-03-29 14:34:20 - [MESSAGE][INFO] - Action delay is set to 1,000 milliseconds

2022-03-29 14:34:22 - [MESSAGE][PASSED] - Browser is opened with url: ''

2022-03-29 14:34:22 - [MESSAGE][PASSED] - Current window maximized

2022-03-29 14:35:17 - [MESSAGE][PASSED] - Navigate to 'https://demoqa.com/' successfully

2022-03-29 14:35:17 - [MESSAGE][PASSED] - testing.pratice_Form.access is PASSED

2022-03-29 14:35:17 - [TEST_STEP][PASSED] - testing.pratice_Form.click_Form(): testing.pratice_Form.click_Form is PASSED

2022-03-29 14:35:20 - [MESSAGE][PASSED] - Object: 'Object Repository/demoQA/li_Form' is clicked on

2022-03-29 14:35:21 - [MESSAGE][PASSED] - Object: 'Object Repository/demoQA/li_Pratice_Form' is clicked on

2022-03-29 14:35:21 - [MESSAGE][PASSED] - testing.pratice_Form.click_Form is PASSED

2022-03-29 14:35:21 - [TEST_STEP][PASSED] - testing.pratice_Form.enterValue(firstName, lastName, email, gender, mobile, year_DOB, month_DOB, subject, hobbies, upload, address, state, city, screenshot): testing.pratice_Form.enterValue is PASSED

2022-03-29 14:35:25 - [MESSAGE][PASSED] - Text 'Champa' is set on object 'Object Repository/demoQA/input'

2022-03-29 14:35:27 - [MESSAGE][PASSED] - Text 'Thapton' is set on object 'Object Repository/demoQA/input'

2022-03-29 14:35:30 - [MESSAGE][PASSED] - Text 'thapton@gmail.com' is set on object 'Object Repository/demoQA/input'

2022-03-29 14:35:31 - [MESSAGE][PASSED] - Object 'Object Repository/demoQA/label_gender' is checked

2022-03-29 14:35:34 - [MESSAGE][PASSED] - Text '0868346796' is set on object 'Object Repository/demoQA/input'

2022-03-29 14:35:35 - [MESSAGE][PASSED] - Object: 'Object Repository/demoQA/input' is clicked on

2022-03-29 14:35:42 - [MESSAGE][PASSED] - All options with value '1999' are selected in object 'Object Repository/demoQA/select_DOB_year'  using regular expression

2022-03-29 14:35:44 - [MESSAGE][PASSED] - All options with value '9' are selected in object 'Object Repository/demoQA/select_DOB_month'  using regular expression

2022-03-29 14:35:46 - [MESSAGE][PASSED] - Object: 'Object Repository/demoQA/select_DOB_day' is clicked on

2022-03-29 14:35:49 - [MESSAGE][PASSED] - Text 'English' is set on object 'Object Repository/demoQA/input'

2022-03-29 14:35:50 - [MESSAGE][PASSED] - Object: 'Object Repository/demoQA/select_Subjects_value' is clicked on

2022-03-29 14:35:52 - [MESSAGE][PASSED] - Object 'Object Repository/demoQA/label_hobbies' is checked

2022-03-29 14:35:55 - [MESSAGE][PASSED] - Text 'C:\\Users\\nxthoi\\Desktop\\Project_Katalon\\demoQA\\selenium-screenshot-1.png' is set on object 'Object Repository/demoQA/input'

2022-03-29 14:35:57 - [MESSAGE][PASSED] - Text '8th Cross Rd' is set on object 'Object Repository/demoQA/textArea_Address'

2022-03-29 14:36:00 - [MESSAGE][PASSED] - Text 'NCR' is set on object 'Object Repository/demoQA/state_city_input'

2022-03-29 14:36:01 - [MESSAGE][PASSED] - Keys 'TAB + ' sent to object: 'Object Repository/demoQA/state_city_input'

2022-03-29 14:36:04 - [MESSAGE][PASSED] - Text 'Delhi' is set on object 'Object Repository/demoQA/state_city_input'

2022-03-29 14:36:06 - [MESSAGE][PASSED] - Keys 'TAB + ENTER + ' sent to object: 'Object Repository/demoQA/state_city_input'

2022-03-29 14:36:07 - [MESSAGE][INFO] - 0 hidden object(s)

2022-03-29 14:36:07 - [MESSAGE][PASSED] - Taking screenshot successfully
[[ATTACHMENT|keyes\keyes-sample1.png]]

2022-03-29 14:36:07 - [MESSAGE][PASSED] - testing.pratice_Form.enterValue is PASSED

2022-03-29 14:36:07 - [TEST_STEP][PASSED] - testing.pratice_Form.end(expected_result): testing.pratice_Form.end is PASSED

2022-03-29 14:36:08 - [MESSAGE][PASSED] - Text of object 'Object Repository/demoQA/Modal_label' is: 'Thanks for submitting the form'

2022-03-29 14:36:08 - [MESSAGE][PASSED] - Actual object 'Thanks for submitting the form' and expected object 'Thanks for submitting the form' are equal

2022-03-29 14:36:09 - [MESSAGE][PASSED] - Browser is closed

2022-03-29 14:36:09 - [MESSAGE][PASSED] - testing.pratice_Form.end is PASSED]]></system-out>
         <system-err><![CDATA[]]></system-err>
      </testcase>
      <testcase name="Test Cases/demoQA" time="71.878" classname="Test Cases/demoQA" status="PASSED">
         <system-out><![CDATA[2022-03-29 14:36:09 - [TEST_CASE][PASSED] - Test Cases/demoQA: Test Cases/demoQA

2022-03-29 14:36:09 - [TEST_STEP][PASSED] - testing.pratice_Form.access(): testing.pratice_Form.access is PASSED

2022-03-29 14:36:10 - [MESSAGE][INFO] - Starting 'Chrome' driver

2022-03-29 14:36:10 - [MESSAGE][INFO] - Action delay is set to 1,000 milliseconds

2022-03-29 14:36:11 - [MESSAGE][PASSED] - Browser is opened with url: ''

2022-03-29 14:36:11 - [MESSAGE][PASSED] - Current window maximized

2022-03-29 14:36:30 - [MESSAGE][PASSED] - Navigate to 'https://demoqa.com/' successfully

2022-03-29 14:36:30 - [MESSAGE][PASSED] - testing.pratice_Form.access is PASSED

2022-03-29 14:36:30 - [TEST_STEP][PASSED] - testing.pratice_Form.click_Form(): testing.pratice_Form.click_Form is PASSED

2022-03-29 14:36:32 - [MESSAGE][PASSED] - Object: 'Object Repository/demoQA/li_Form' is clicked on

2022-03-29 14:36:33 - [MESSAGE][PASSED] - Object: 'Object Repository/demoQA/li_Pratice_Form' is clicked on

2022-03-29 14:36:33 - [MESSAGE][PASSED] - testing.pratice_Form.click_Form is PASSED

2022-03-29 14:36:33 - [TEST_STEP][PASSED] - testing.pratice_Form.enterValue(firstName, lastName, email, gender, mobile, year_DOB, month_DOB, subject, hobbies, upload, address, state, city, screenshot): testing.pratice_Form.enterValue is PASSED

2022-03-29 14:36:37 - [MESSAGE][PASSED] - Text 'Naragrap' is set on object 'Object Repository/demoQA/input'

2022-03-29 14:36:40 - [MESSAGE][PASSED] - Text 'Kei' is set on object 'Object Repository/demoQA/input'

2022-03-29 14:36:42 - [MESSAGE][PASSED] - Text 'kei@gmail.com' is set on object 'Object Repository/demoQA/input'

2022-03-29 14:36:44 - [MESSAGE][PASSED] - Object 'Object Repository/demoQA/label_gender' is checked

2022-03-29 14:36:46 - [MESSAGE][PASSED] - Text '0868346797' is set on object 'Object Repository/demoQA/input'

2022-03-29 14:36:48 - [MESSAGE][PASSED] - Object: 'Object Repository/demoQA/input' is clicked on

2022-03-29 14:36:54 - [MESSAGE][PASSED] - All options with value '2000' are selected in object 'Object Repository/demoQA/select_DOB_year'  using regular expression

2022-03-29 14:36:57 - [MESSAGE][PASSED] - All options with value '10' are selected in object 'Object Repository/demoQA/select_DOB_month'  using regular expression

2022-03-29 14:36:58 - [MESSAGE][PASSED] - Object: 'Object Repository/demoQA/select_DOB_day' is clicked on

2022-03-29 14:37:01 - [MESSAGE][PASSED] - Text 'Math' is set on object 'Object Repository/demoQA/input'

2022-03-29 14:37:03 - [MESSAGE][PASSED] - Object: 'Object Repository/demoQA/select_Subjects_value' is clicked on

2022-03-29 14:37:04 - [MESSAGE][PASSED] - Object 'Object Repository/demoQA/label_hobbies' is checked

2022-03-29 14:37:07 - [MESSAGE][PASSED] - Text 'C:\\Users\\nxthoi\\Desktop\\Project_Katalon\\demoQA\\selenium-screenshot-1.png' is set on object 'Object Repository/demoQA/input'

2022-03-29 14:37:10 - [MESSAGE][PASSED] - Text '9th Cross Rd' is set on object 'Object Repository/demoQA/textArea_Address'

2022-03-29 14:37:12 - [MESSAGE][PASSED] - Text 'NCR' is set on object 'Object Repository/demoQA/state_city_input'

2022-03-29 14:37:14 - [MESSAGE][PASSED] - Keys 'TAB + ' sent to object: 'Object Repository/demoQA/state_city_input'

2022-03-29 14:37:17 - [MESSAGE][PASSED] - Text 'Gurgaon' is set on object 'Object Repository/demoQA/state_city_input'

2022-03-29 14:37:18 - [MESSAGE][PASSED] - Keys 'TAB + ENTER + ' sent to object: 'Object Repository/demoQA/state_city_input'

2022-03-29 14:37:19 - [MESSAGE][INFO] - 0 hidden object(s)

2022-03-29 14:37:19 - [MESSAGE][PASSED] - Taking screenshot successfully
[[ATTACHMENT|keyes\keyes-sample2.png]]

2022-03-29 14:37:19 - [MESSAGE][PASSED] - testing.pratice_Form.enterValue is PASSED

2022-03-29 14:37:19 - [TEST_STEP][PASSED] - testing.pratice_Form.end(expected_result): testing.pratice_Form.end is PASSED

2022-03-29 14:37:20 - [MESSAGE][PASSED] - Text of object 'Object Repository/demoQA/Modal_label' is: 'Thanks for submitting the form'

2022-03-29 14:37:20 - [MESSAGE][PASSED] - Actual object 'Thanks for submitting the form' and expected object 'Thanks for submitting the form' are equal

2022-03-29 14:37:21 - [MESSAGE][PASSED] - Browser is closed

2022-03-29 14:37:21 - [MESSAGE][PASSED] - testing.pratice_Form.end is PASSED]]></system-out>
         <system-err><![CDATA[]]></system-err>
      </testcase>
      <testcase name="Test Cases/demoQA" time="80.65" classname="Test Cases/demoQA" status="PASSED">
         <system-out><![CDATA[2022-03-29 14:37:21 - [TEST_CASE][PASSED] - Test Cases/demoQA: Test Cases/demoQA

2022-03-29 14:37:21 - [TEST_STEP][PASSED] - testing.pratice_Form.access(): testing.pratice_Form.access is PASSED

2022-03-29 14:37:22 - [MESSAGE][INFO] - Starting 'Chrome' driver

2022-03-29 14:37:22 - [MESSAGE][INFO] - Action delay is set to 1,000 milliseconds

2022-03-29 14:37:23 - [MESSAGE][PASSED] - Browser is opened with url: ''

2022-03-29 14:37:23 - [MESSAGE][PASSED] - Current window maximized

2022-03-29 14:37:48 - [MESSAGE][PASSED] - Navigate to 'https://demoqa.com/' successfully

2022-03-29 14:37:48 - [MESSAGE][PASSED] - testing.pratice_Form.access is PASSED

2022-03-29 14:37:48 - [TEST_STEP][PASSED] - testing.pratice_Form.click_Form(): testing.pratice_Form.click_Form is PASSED

2022-03-29 14:37:50 - [MESSAGE][PASSED] - Object: 'Object Repository/demoQA/li_Form' is clicked on

2022-03-29 14:37:52 - [MESSAGE][PASSED] - Object: 'Object Repository/demoQA/li_Pratice_Form' is clicked on

2022-03-29 14:37:52 - [MESSAGE][PASSED] - testing.pratice_Form.click_Form is PASSED

2022-03-29 14:37:52 - [TEST_STEP][PASSED] - testing.pratice_Form.enterValue(firstName, lastName, email, gender, mobile, year_DOB, month_DOB, subject, hobbies, upload, address, state, city, screenshot): testing.pratice_Form.enterValue is PASSED

2022-03-29 14:37:55 - [MESSAGE][PASSED] - Text 'Sudana' is set on object 'Object Repository/demoQA/input'

2022-03-29 14:37:58 - [MESSAGE][PASSED] - Text 'Taket' is set on object 'Object Repository/demoQA/input'

2022-03-29 14:38:00 - [MESSAGE][PASSED] - Text 'taket@gmail.com' is set on object 'Object Repository/demoQA/input'

2022-03-29 14:38:02 - [MESSAGE][PASSED] - Object 'Object Repository/demoQA/label_gender' is checked

2022-03-29 14:38:04 - [MESSAGE][PASSED] - Text '0868346798' is set on object 'Object Repository/demoQA/input'

2022-03-29 14:38:06 - [MESSAGE][PASSED] - Object: 'Object Repository/demoQA/input' is clicked on

2022-03-29 14:38:12 - [MESSAGE][PASSED] - All options with value '2001' are selected in object 'Object Repository/demoQA/select_DOB_year'  using regular expression

2022-03-29 14:38:15 - [MESSAGE][PASSED] - All options with value '11' are selected in object 'Object Repository/demoQA/select_DOB_month'  using regular expression

2022-03-29 14:38:16 - [MESSAGE][PASSED] - Object: 'Object Repository/demoQA/select_DOB_day' is clicked on

2022-03-29 14:38:19 - [MESSAGE][PASSED] - Text 'Chemistry' is set on object 'Object Repository/demoQA/input'

2022-03-29 14:38:21 - [MESSAGE][PASSED] - Object: 'Object Repository/demoQA/select_Subjects_value' is clicked on

2022-03-29 14:38:22 - [MESSAGE][PASSED] - Object 'Object Repository/demoQA/label_hobbies' is checked

2022-03-29 14:38:24 - [MESSAGE][PASSED] - Object 'Object Repository/demoQA/label_hobbies' is checked

2022-03-29 14:38:25 - [MESSAGE][PASSED] - Object 'Object Repository/demoQA/label_hobbies' is checked

2022-03-29 14:38:28 - [MESSAGE][PASSED] - Text 'C:\\Users\\nxthoi\\Desktop\\Project_Katalon\\demoQA\\selenium-screenshot-1.png' is set on object 'Object Repository/demoQA/input'

2022-03-29 14:38:30 - [MESSAGE][PASSED] - Text '10th Cross Rd' is set on object 'Object Repository/demoQA/textArea_Address'

2022-03-29 14:38:33 - [MESSAGE][PASSED] - Text 'Haryana' is set on object 'Object Repository/demoQA/state_city_input'

2022-03-29 14:38:34 - [MESSAGE][PASSED] - Keys 'TAB + ' sent to object: 'Object Repository/demoQA/state_city_input'

2022-03-29 14:38:37 - [MESSAGE][PASSED] - Text 'Karnal' is set on object 'Object Repository/demoQA/state_city_input'

2022-03-29 14:38:39 - [MESSAGE][PASSED] - Keys 'TAB + ENTER + ' sent to object: 'Object Repository/demoQA/state_city_input'

2022-03-29 14:38:39 - [MESSAGE][INFO] - 0 hidden object(s)

2022-03-29 14:38:40 - [MESSAGE][PASSED] - Taking screenshot successfully
[[ATTACHMENT|keyes\keyes-sample3.png]]

2022-03-29 14:38:40 - [MESSAGE][PASSED] - testing.pratice_Form.enterValue is PASSED

2022-03-29 14:38:40 - [TEST_STEP][PASSED] - testing.pratice_Form.end(expected_result): testing.pratice_Form.end is PASSED

2022-03-29 14:38:41 - [MESSAGE][PASSED] - Text of object 'Object Repository/demoQA/Modal_label' is: 'Thanks for submitting the form'

2022-03-29 14:38:41 - [MESSAGE][PASSED] - Actual object 'Thanks for submitting the form' and expected object 'Thanks for submitting the form' are equal

2022-03-29 14:38:42 - [MESSAGE][PASSED] - Browser is closed

2022-03-29 14:38:42 - [MESSAGE][PASSED] - testing.pratice_Form.end is PASSED]]></system-out>
         <system-err><![CDATA[]]></system-err>
      </testcase>
      <system-out><![CDATA[2022-03-29 14:34:18 - [TEST_SUITE][PASSED] - demoQA_testSuite: Test Cases/demoQA]]></system-out>
      <system-err><![CDATA[]]></system-err>
   </testsuite>
</testsuites>
